<?xml version="1.0" encoding="UTF-8"?>
<testsuite name="com.example.jarnamingerror.JarnamingerrorApplicationTests" tests="1" skipped="0" failures="0" errors="0" timestamp="2024-09-18T18:00:45" hostname="WIN-K5D51F01G4B" time="0.914">
  <properties/>
  <testcase name="contextLoads()" classname="com.example.jarnamingerror.JarnamingerrorApplicationTests" time="0.914"/>
  <system-out><![CDATA[13:00:43.255 [Test worker] INFO org.springframework.test.context.support.AnnotationConfigContextLoaderUtils -- Could not detect default configuration classes for test class [com.example.jarnamingerror.JarnamingerrorApplicationTests]: JarnamingerrorApplicationTests does not declare any static, non-private, non-final, nested classes annotated with @Configuration.
13:00:43.473 [Test worker] INFO org.springframework.boot.test.context.SpringBootTestContextBootstrapper -- Found @SpringBootConfiguration com.example.jarnamingerror.JarnamingerrorApplication for test class com.example.jarnamingerror.JarnamingerrorApplicationTests

  .   ____          _            __ _ _
 /\\ / ___'_ __ _ _(_)_ __  __ _ \ \ \ \
( ( )\___ | '_ | '_| | '_ \/ _` | \ \ \ \
 \\/  ___)| |_)| | | | | || (_| |  ) ) ) )
  '  |____| .__|_| |_|_| |_\__, | / / / /
 =========|_|==============|___/=/_/_/_/

 :: Spring Boot ::       (v3.4.0-SNAPSHOT)

2024-09-18T13:00:44.320-05:00  INFO 7224 --- [jarnamingerror] [    Test worker] c.e.j.JarnamingerrorApplicationTests     : Starting JarnamingerrorApplicationTests using Java 17.0.12 with PID 7224 (started by pmatte in C:\Users\pmatte\OneDrive - Microsoft\Documents\Specialist Training\Java\projects\jarnamingerror)
2024-09-18T13:00:44.322-05:00  INFO 7224 --- [jarnamingerror] [    Test worker] c.e.j.JarnamingerrorApplicationTests     : No active profile set, falling back to 1 default profile: "default"
2024-09-18T13:00:45.881-05:00  INFO 7224 --- [jarnamingerror] [    Test worker] c.e.j.JarnamingerrorApplicationTests     : Started JarnamingerrorApplicationTests in 2.083 seconds (process running for 4.095)
]]></system-out>
  <system-err><![CDATA[]]></system-err>
</testsuite>
